INFO:     Will watch for changes in these directories: ['/home/risa/materias/ODAW/final_odaw/backend']
INFO:     Uvicorn running on http://127.0.0.1:8000 (Press CTRL+C to quit)
INFO:     Started reloader process [59151] using StatReload
INFO:     Started server process [59161]
INFO:     Waiting for application startup.
INFO:     Application startup complete.
INFO:     127.0.0.1:56916 - "POST /register HTTP/1.1" 500 Internal Server Error
ERROR:    Exception in ASGI application
Traceback (most recent call last):
  File "/home/risa/materias/ODAW/final_odaw/venv/lib/python3.12/site-packages/uvicorn/protocols/http/h11_impl.py", line 403, in run_asgi
    result = await app(  # type: ignore[func-returns-value]
             ^^^^^^^^^^^^^^^^^^^^^^^^^^^^^^^^^^^^^^^^^^^^^^
  File "/home/risa/materias/ODAW/final_odaw/venv/lib/python3.12/site-packages/uvicorn/middleware/proxy_headers.py", line 60, in __call__
    return await self.app(scope, receive, send)
           ^^^^^^^^^^^^^^^^^^^^^^^^^^^^^^^^^^^^
  File "/home/risa/materias/ODAW/final_odaw/venv/lib/python3.12/site-packages/fastapi/applications.py", line 1134, in __call__
    await super().__call__(scope, receive, send)
  File "/home/risa/materias/ODAW/final_odaw/venv/lib/python3.12/site-packages/starlette/applications.py", line 107, in __call__
    await self.middleware_stack(scope, receive, send)
  File "/home/risa/materias/ODAW/final_odaw/venv/lib/python3.12/site-packages/starlette/middleware/errors.py", line 186, in __call__
    raise exc
  File "/home/risa/materias/ODAW/final_odaw/venv/lib/python3.12/site-packages/starlette/middleware/errors.py", line 164, in __call__
    await self.app(scope, receive, _send)
  File "/home/risa/materias/ODAW/final_odaw/venv/lib/python3.12/site-packages/starlette/middleware/cors.py", line 85, in __call__
    await self.app(scope, receive, send)
  File "/home/risa/materias/ODAW/final_odaw/venv/lib/python3.12/site-packages/starlette/middleware/exceptions.py", line 63, in __call__
    await wrap_app_handling_exceptions(self.app, conn)(scope, receive, send)
  File "/home/risa/materias/ODAW/final_odaw/venv/lib/python3.12/site-packages/starlette/_exception_handler.py", line 53, in wrapped_app
    raise exc
  File "/home/risa/materias/ODAW/final_odaw/venv/lib/python3.12/site-packages/starlette/_exception_handler.py", line 42, in wrapped_app
    await app(scope, receive, sender)
  File "/home/risa/materias/ODAW/final_odaw/venv/lib/python3.12/site-packages/fastapi/middleware/asyncexitstack.py", line 18, in __call__
    await self.app(scope, receive, send)
  File "/home/risa/materias/ODAW/final_odaw/venv/lib/python3.12/site-packages/starlette/routing.py", line 716, in __call__
    await self.middleware_stack(scope, receive, send)
  File "/home/risa/materias/ODAW/final_odaw/venv/lib/python3.12/site-packages/starlette/routing.py", line 736, in app
    await route.handle(scope, receive, send)
  File "/home/risa/materias/ODAW/final_odaw/venv/lib/python3.12/site-packages/starlette/routing.py", line 290, in handle
    await self.app(scope, receive, send)
  File "/home/risa/materias/ODAW/final_odaw/venv/lib/python3.12/site-packages/fastapi/routing.py", line 125, in app
    await wrap_app_handling_exceptions(app, request)(scope, receive, send)
  File "/home/risa/materias/ODAW/final_odaw/venv/lib/python3.12/site-packages/starlette/_exception_handler.py", line 53, in wrapped_app
    raise exc
  File "/home/risa/materias/ODAW/final_odaw/venv/lib/python3.12/site-packages/starlette/_exception_handler.py", line 42, in wrapped_app
    await app(scope, receive, sender)
  File "/home/risa/materias/ODAW/final_odaw/venv/lib/python3.12/site-packages/fastapi/routing.py", line 111, in app
    response = await f(request)
               ^^^^^^^^^^^^^^^^
  File "/home/risa/materias/ODAW/final_odaw/venv/lib/python3.12/site-packages/fastapi/routing.py", line 391, in app
    raw_response = await run_endpoint_function(
                   ^^^^^^^^^^^^^^^^^^^^^^^^^^^^
  File "/home/risa/materias/ODAW/final_odaw/venv/lib/python3.12/site-packages/fastapi/routing.py", line 292, in run_endpoint_function
    return await run_in_threadpool(dependant.call, **values)
           ^^^^^^^^^^^^^^^^^^^^^^^^^^^^^^^^^^^^^^^^^^^^^^^^^
  File "/home/risa/materias/ODAW/final_odaw/venv/lib/python3.12/site-packages/starlette/concurrency.py", line 32, in run_in_threadpool
    return await anyio.to_thread.run_sync(func)
           ^^^^^^^^^^^^^^^^^^^^^^^^^^^^^^^^^^^^
  File "/home/risa/materias/ODAW/final_odaw/venv/lib/python3.12/site-packages/anyio/to_thread.py", line 61, in run_sync
    return await get_async_backend().run_sync_in_worker_thread(
           ^^^^^^^^^^^^^^^^^^^^^^^^^^^^^^^^^^^^^^^^^^^^^^^^^^^^
  File "/home/risa/materias/ODAW/final_odaw/venv/lib/python3.12/site-packages/anyio/_backends/_asyncio.py", line 2525, in run_sync_in_worker_thread
    return await future
           ^^^^^^^^^^^^
  File "/home/risa/materias/ODAW/final_odaw/venv/lib/python3.12/site-packages/anyio/_backends/_asyncio.py", line 986, in run
    result = context.run(func, *args)
             ^^^^^^^^^^^^^^^^^^^^^^^^
  File "/home/risa/materias/ODAW/final_odaw/backend/main.py", line 75, in register
    novo = create_user(user.nome, user.email, user.senha)
           ^^^^^^^^^^^^^^^^^^^^^^^^^^^^^^^^^^^^^^^^^^^^^^
  File "/home/risa/materias/ODAW/final_odaw/backend/crud/users.py", line 15, in create_user
    conn = get_conn()
           ^^^^^^^^^^
  File "/home/risa/materias/ODAW/final_odaw/backend/database.py", line 46, in get_conn
    return psycopg2.connect(
           ^^^^^^^^^^^^^^^^^
  File "/home/risa/materias/ODAW/final_odaw/venv/lib/python3.12/site-packages/psycopg2/__init__.py", line 122, in connect
    conn = _connect(dsn, connection_factory=connection_factory, **kwasync)
           ^^^^^^^^^^^^^^^^^^^^^^^^^^^^^^^^^^^^^^^^^^^^^^^^^^^^^^^^^^^^^^^
psycopg2.OperationalError: connection to server at "localhost" (127.0.0.1), port 5432 failed: FATAL:  password authentication failed for user "leo"
connection to server at "localhost" (127.0.0.1), port 5432 failed: FATAL:  password authentication failed for user "leo"

INFO:     127.0.0.1:39454 - "GET /static/index.html HTTP/1.1" 200 OK
INFO:     127.0.0.1:39454 - "GET /static/index.css HTTP/1.1" 200 OK
INFO:     127.0.0.1:39454 - "GET /static/login.html HTTP/1.1" 200 OK
INFO:     127.0.0.1:39454 - "GET /static/login.css HTTP/1.1" 304 Not Modified
INFO:     127.0.0.1:38556 - "GET /static/register.html HTTP/1.1" 304 Not Modified
INFO:     127.0.0.1:38556 - "GET /static/register.css HTTP/1.1" 304 Not Modified
